<?xml version="1.0" encoding="UTF-8"?>
<!-- Generated by org.testng.reporters.JUnitReportReporter -->
<testsuite skipped="0" hostname="CDC2-L-9QM7QQ2" name="DevopsTest" tests="1" failures="0" timestamp="21 Jan 2020 07:19:39 GMT" time="2.104" errors="0">
  <testcase name="openBrowser" time="2.104" classname="DevopsTest"/>
</testsuite> <!-- DevopsTest -->
